Compiling the C compiler identification source file "CMakeCCompilerId.c" failed.
Compiler: C:/Program Files (x86)/Microsoft Visual Studio/2017/BuildTools/VC/Tools/MSVC/14.16.27023/bin/Hostx86/x86/cl.exe 
Build flags: 
Id flags:  

The output was:
2
Оптимизирующий компилятор Microsoft (R) C/C++ версии 19.16.27045 для x86
(C) Корпорация Майкрософт (Microsoft Corporation).  Все права защищены.

CMakeCCompilerId.c
Microsoft (R) Incremental Linker Version 14.16.27045.0
Copyright (C) Microsoft Corporation.  All rights reserved.

/out:CMakeCCompilerId.exe 
CMakeCCompilerId.obj 
LINK : fatal error LNK1104: эх єфрхЄё  юЄъЁ√Є№ Їрщы "kernel32.lib"


Compiling the CXX compiler identification source file "CMakeCXXCompilerId.cpp" failed.
Compiler: C:/Program Files (x86)/Microsoft Visual Studio/2017/BuildTools/VC/Tools/MSVC/14.16.27023/bin/Hostx86/x86/cl.exe 
Build flags: 
Id flags:  

The output was:
2
Оптимизирующий компилятор Microsoft (R) C/C++ версии 19.16.27045 для x86
(C) Корпорация Майкрософт (Microsoft Corporation).  Все права защищены.

CMakeCXXCompilerId.cpp
Microsoft (R) Incremental Linker Version 14.16.27045.0
Copyright (C) Microsoft Corporation.  All rights reserved.

/out:CMakeCXXCompilerId.exe 
CMakeCXXCompilerId.obj 
LINK : fatal error LNK1104: эх єфрхЄё  юЄъЁ√Є№ Їрщы "kernel32.lib"


Detecting C compiler ABI info failed to compile with the following output:
Change Dir: D:/labirint/cmake-build-debug/CMakeFiles/CMakeTmp

Run Build Command(s):nmake /nologo cmTC_0286e\fast && 	"C:\Program Files (x86)\Microsoft Visual Studio\2017\BuildTools\VC\Tools\MSVC\14.16.27023\bin\HostX86\x86\nmake.exe"  -f CMakeFiles\cmTC_0286e.dir\build.make /nologo -L                  CMakeFiles\cmTC_0286e.dir\build
Building C object CMakeFiles/cmTC_0286e.dir/CMakeCCompilerABI.c.obj
	C:\PROGRA~2\MICROS~3\2017\BUILDT~1\VC\Tools\MSVC\1416~1.270\bin\Hostx86\x86\cl.exe @C:\Users\skume\AppData\Local\Temp\nm8062.tmp
CMakeCCompilerABI.c
Linking C executable cmTC_0286e.exe
	C:\Users\skume\AppData\Local\JetBrains\Toolbox\apps\CLion\ch-0\211.7142.21\bin\cmake\win\bin\cmake.exe -E vs_link_exe --intdir=CMakeFiles\cmTC_0286e.dir --rc=rc --mt=CMAKE_MT-NOTFOUND --manifests -- C:\PROGRA~2\MICROS~3\2017\BUILDT~1\VC\Tools\MSVC\1416~1.270\bin\Hostx86\x86\link.exe /nologo @CMakeFiles\cmTC_0286e.dir\objects1.rsp @C:\Users\skume\AppData\Local\Temp\nm8228.tmp
RC Pass 1: command "rc /fo CMakeFiles\cmTC_0286e.dir/manifest.res CMakeFiles\cmTC_0286e.dir/manifest.rc" failed (exit code 0) with the following output:
Не удается найти указанный файлNMAKE : fatal error U1077: C:\Users\skume\AppData\Local\JetBrains\Toolbox\apps\CLion\ch-0\211.7142.21\bin\cmake\win\bin\cmake.exe : тючтЁр∙хээ√щ ъюф "0xffffffff"
Stop.
NMAKE : fatal error U1077: "C:\Program Files (x86)\Microsoft Visual Studio\2017\BuildTools\VC\Tools\MSVC\14.16.27023\bin\HostX86\x86\nmake.exe" : тючтЁр∙хээ√щ ъюф "0x2"
Stop.




Determining if the C compiler works failed with the following output:
Change Dir: D:/labirint/cmake-build-debug/CMakeFiles/CMakeTmp

Run Build Command(s):nmake /nologo cmTC_c5892\fast && 	"C:\Program Files (x86)\Microsoft Visual Studio\2017\BuildTools\VC\Tools\MSVC\14.16.27023\bin\HostX86\x86\nmake.exe"  -f CMakeFiles\cmTC_c5892.dir\build.make /nologo -L                  CMakeFiles\cmTC_c5892.dir\build
Building C object CMakeFiles/cmTC_c5892.dir/testCCompiler.c.obj
	C:\PROGRA~2\MICROS~3\2017\BUILDT~1\VC\Tools\MSVC\1416~1.270\bin\Hostx86\x86\cl.exe @C:\Users\skume\AppData\Local\Temp\nm8331.tmp
testCCompiler.c
Linking C executable cmTC_c5892.exe
	C:\Users\skume\AppData\Local\JetBrains\Toolbox\apps\CLion\ch-0\211.7142.21\bin\cmake\win\bin\cmake.exe -E vs_link_exe --intdir=CMakeFiles\cmTC_c5892.dir --rc=rc --mt=CMAKE_MT-NOTFOUND --manifests -- C:\PROGRA~2\MICROS~3\2017\BUILDT~1\VC\Tools\MSVC\1416~1.270\bin\Hostx86\x86\link.exe /nologo @CMakeFiles\cmTC_c5892.dir\objects1.rsp @C:\Users\skume\AppData\Local\Temp\nm83AF.tmp
RC Pass 1: command "rc /fo CMakeFiles\cmTC_c5892.dir/manifest.res CMakeFiles\cmTC_c5892.dir/manifest.rc" failed (exit code 0) with the following output:
Не удается найти указанный файлNMAKE : fatal error U1077: C:\Users\skume\AppData\Local\JetBrains\Toolbox\apps\CLion\ch-0\211.7142.21\bin\cmake\win\bin\cmake.exe : тючтЁр∙хээ√щ ъюф "0xffffffff"
Stop.
NMAKE : fatal error U1077: "C:\Program Files (x86)\Microsoft Visual Studio\2017\BuildTools\VC\Tools\MSVC\14.16.27023\bin\HostX86\x86\nmake.exe" : тючтЁр∙хээ√щ ъюф "0x2"
Stop.



